[     310ms] [INFO] %cDownload the React DevTools for a better development experience: https://react.dev/link/react-devtools font-weight:bold @ http://localhost:3000/_next/static/chunks/node_modules_next_dist_115brz8._.js:2431
[     325ms] [LOG] [HMR] connected @ http://localhost:3000/_next/static/chunks/node_modules_next_dist_115brz8._.js:2431
[     329ms] [LOG] %c%s%c [JOIN PAGE] 초대 페이지 로드 시작, inviteCode: background: #e6e6e6;background: light-dark(rgba(0,0,0,0.1), rgba(255,255,255,0.25));color: #000000;color: light-dark(#000000, #ffffff);border-radius: 2px  Server   r6zvhxck @ http://localhost:3000/_next/static/chunks/node_modules_next_dist_115brz8._.js:2431
[     330ms] [LOG] %c%s%c [초대 코드 조회 시작] inviteCode: "r6zvhxck" background: #e6e6e6;background: light-dark(rgba(0,0,0,0.1), rgba(255,255,255,0.25));color: #000000;color: light-dark(#000000, #ffffff);border-radius: 2px  Server   @ http://localhost:3000/_next/static/chunks/node_modules_next_dist_115brz8._.js:2431
[     330ms] [ERROR] %c%s%c [초대 코드 조회 예외] background: #e6e6e6;background: light-dark(rgba(0,0,0,0.1), rgba(255,255,255,0.25));color: #000000;color: light-dark(#000000, #ffffff);border-radius: 2px  Server   Unexpected token '<', "<!DOCTYPE "... is not valid JSON @ http://localhost:3000/_next/static/chunks/node_modules_next_dist_115brz8._.js:3272
[     332ms] [LOG] %c%s%c [JOIN PAGE] 사용자 인증 상태: background: #e6e6e6;background: light-dark(rgba(0,0,0,0.1), rgba(255,255,255,0.25));color: #000000;color: light-dark(#000000, #ffffff);border-radius: 2px  Server   로그인됨 (dhljjknd@naver.com) @ http://localhost:3000/_next/static/chunks/node_modules_next_dist_115brz8._.js:2431
[     332ms] [LOG] %c%s%c [JOIN PAGE] 이벤트 조회 시작 background: #e6e6e6;background: light-dark(rgba(0,0,0,0.1), rgba(255,255,255,0.25));color: #000000;color: light-dark(#000000, #ffffff);border-radius: 2px  Server   @ http://localhost:3000/_next/static/chunks/node_modules_next_dist_115brz8._.js:2431
[     332ms] [LOG] %c%s%c [초대 코드 조회 시작] inviteCode: "r6zvhxck" background: #e6e6e6;background: light-dark(rgba(0,0,0,0.1), rgba(255,255,255,0.25));color: #000000;color: light-dark(#000000, #ffffff);border-radius: 2px  Server   @ http://localhost:3000/_next/static/chunks/node_modules_next_dist_115brz8._.js:2431
[     332ms] [ERROR] %c%s%c [초대 코드 조회 예외] background: #e6e6e6;background: light-dark(rgba(0,0,0,0.1), rgba(255,255,255,0.25));color: #000000;color: light-dark(#000000, #ffffff);border-radius: 2px  Server   Unexpected token '<', "<!DOCTYPE "... is not valid JSON @ http://localhost:3000/_next/static/chunks/node_modules_next_dist_115brz8._.js:3272
[     332ms] [LOG] %c%s%c [JOIN PAGE] 이벤트 조회 실패 - 초대 코드가 존재하지 않음 background: #e6e6e6;background: light-dark(rgba(0,0,0,0.1), rgba(255,255,255,0.25));color: #000000;color: light-dark(#000000, #ffffff);border-radius: 2px  Server   @ http://localhost:3000/_next/static/chunks/node_modules_next_dist_115brz8._.js:2431
[     332ms] [ERROR] %c%s%c [JOIN PAGE] 에러 페이지 렌더링 background: #e6e6e6;background: light-dark(rgba(0,0,0,0.1), rgba(255,255,255,0.25));color: #000000;color: light-dark(#000000, #ffffff);border-radius: 2px  Server   @ http://localhost:3000/_next/static/chunks/node_modules_next_dist_115brz8._.js:3272
[   16484ms] [ERROR] ./app/join/[inviteCode]/page.tsx:283:1
Expected '}', got '<eof>'
  281 |   );
  282 | }
> 283 |
      | ^

Parsing ecmascript source code failed @ http://localhost:3000/_next/static/chunks/node_modules_next_dist_115brz8._.js:3272
[   16506ms] [LOG] [Fast Refresh] rebuilding @ http://localhost:3000/_next/static/chunks/node_modules_next_dist_115brz8._.js:2431
[   16576ms] [ERROR] ./app/join/[inviteCode]/page.tsx:283:1
Expected '}', got '<eof>'
  281 |   );
  282 | }
> 283 |
      | ^

Parsing ecmascript source code failed @ http://localhost:3000/_next/static/chunks/node_modules_next_dist_115brz8._.js:3272
[   16639ms] [ERROR] ./app/join/[inviteCode]/page.tsx:283:1
Expected '}', got '<eof>'
  281 |   );
  282 | }
> 283 |
      | ^

Parsing ecmascript source code failed @ http://localhost:3000/_next/static/chunks/node_modules_next_dist_115brz8._.js:3272
[   16716ms] [ERROR] ./app/join/[inviteCode]/page.tsx:283:1
Expected '}', got '<eof>'
  281 |   );
  282 | }
> 283 |
      | ^

Parsing ecmascript source code failed @ http://localhost:3000/_next/static/chunks/node_modules_next_dist_115brz8._.js:3272
[   16778ms] [ERROR] ./app/join/[inviteCode]/page.tsx:283:1
Expected '}', got '<eof>'
  281 |   );
  282 | }
> 283 |
      | ^

Parsing ecmascript source code failed @ http://localhost:3000/_next/static/chunks/node_modules_next_dist_115brz8._.js:3272
[   16841ms] [ERROR] ./app/join/[inviteCode]/page.tsx:283:1
Expected '}', got '<eof>'
  281 |   );
  282 | }
> 283 |
      | ^

Parsing ecmascript source code failed @ http://localhost:3000/_next/static/chunks/node_modules_next_dist_115brz8._.js:3272
[   16903ms] [ERROR] ./app/join/[inviteCode]/page.tsx:283:1
Expected '}', got '<eof>'
  281 |   );
  282 | }
> 283 |
      | ^

Parsing ecmascript source code failed @ http://localhost:3000/_next/static/chunks/node_modules_next_dist_115brz8._.js:3272
[   16964ms] [ERROR] ./app/join/[inviteCode]/page.tsx:283:1
Expected '}', got '<eof>'
  281 |   );
  282 | }
> 283 |
      | ^

Parsing ecmascript source code failed @ http://localhost:3000/_next/static/chunks/node_modules_next_dist_115brz8._.js:3272
[   17026ms] [ERROR] ./app/join/[inviteCode]/page.tsx:283:1
Expected '}', got '<eof>'
  281 |   );
  282 | }
> 283 |
      | ^

Parsing ecmascript source code failed @ http://localhost:3000/_next/static/chunks/node_modules_next_dist_115brz8._.js:3272
[   17089ms] [ERROR] ./app/join/[inviteCode]/page.tsx:283:1
Expected '}', got '<eof>'
  281 |   );
  282 | }
> 283 |
      | ^

Parsing ecmascript source code failed @ http://localhost:3000/_next/static/chunks/node_modules_next_dist_115brz8._.js:3272
[   17151ms] [ERROR] ./app/join/[inviteCode]/page.tsx:283:1
Expected '}', got '<eof>'
  281 |   );
  282 | }
> 283 |
      | ^

Parsing ecmascript source code failed @ http://localhost:3000/_next/static/chunks/node_modules_next_dist_115brz8._.js:3272
[   17214ms] [ERROR] ./app/join/[inviteCode]/page.tsx:283:1
Expected '}', got '<eof>'
  281 |   );
  282 | }
> 283 |
      | ^

Parsing ecmascript source code failed @ http://localhost:3000/_next/static/chunks/node_modules_next_dist_115brz8._.js:3272
[   17276ms] [ERROR] ./app/join/[inviteCode]/page.tsx:283:1
Expected '}', got '<eof>'
  281 |   );
  282 | }
> 283 |
      | ^

Parsing ecmascript source code failed @ http://localhost:3000/_next/static/chunks/node_modules_next_dist_115brz8._.js:3272
[   17338ms] [ERROR] ./app/join/[inviteCode]/page.tsx:283:1
Expected '}', got '<eof>'
  281 |   );
  282 | }
> 283 |
      | ^

Parsing ecmascript source code failed @ http://localhost:3000/_next/static/chunks/node_modules_next_dist_115brz8._.js:3272
[   17400ms] [ERROR] ./app/join/[inviteCode]/page.tsx:283:1
Expected '}', got '<eof>'
  281 |   );
  282 | }
> 283 |
      | ^

Parsing ecmascript source code failed @ http://localhost:3000/_next/static/chunks/node_modules_next_dist_115brz8._.js:3272
[   17461ms] [ERROR] ./app/join/[inviteCode]/page.tsx:283:1
Expected '}', got '<eof>'
  281 |   );
  282 | }
> 283 |
      | ^

Parsing ecmascript source code failed @ http://localhost:3000/_next/static/chunks/node_modules_next_dist_115brz8._.js:3272
[   17523ms] [ERROR] ./app/join/[inviteCode]/page.tsx:283:1
Expected '}', got '<eof>'
  281 |   );
  282 | }
> 283 |
      | ^

Parsing ecmascript source code failed @ http://localhost:3000/_next/static/chunks/node_modules_next_dist_115brz8._.js:3272
[   17585ms] [ERROR] ./app/join/[inviteCode]/page.tsx:283:1
Expected '}', got '<eof>'
  281 |   );
  282 | }
> 283 |
      | ^

Parsing ecmascript source code failed @ http://localhost:3000/_next/static/chunks/node_modules_next_dist_115brz8._.js:3272
[   17673ms] [ERROR] ./app/join/[inviteCode]/page.tsx:283:1
Expected '}', got '<eof>'
  281 |   );
  282 | }
> 283 |
      | ^

Parsing ecmascript source code failed @ http://localhost:3000/_next/static/chunks/node_modules_next_dist_115brz8._.js:3272
[   17726ms] [ERROR] ./app/join/[inviteCode]/page.tsx:283:1
Expected '}', got '<eof>'
  281 |   );
  282 | }
> 283 |
      | ^

Parsing ecmascript source code failed @ http://localhost:3000/_next/static/chunks/node_modules_next_dist_115brz8._.js:3272
[   17789ms] [ERROR] ./app/join/[inviteCode]/page.tsx:283:1
Expected '}', got '<eof>'
  281 |   );
  282 | }
> 283 |
      | ^

Parsing ecmascript source code failed @ http://localhost:3000/_next/static/chunks/node_modules_next_dist_115brz8._.js:3272
[   17851ms] [ERROR] ./app/join/[inviteCode]/page.tsx:283:1
Expected '}', got '<eof>'
  281 |   );
  282 | }
> 283 |
      | ^

Parsing ecmascript source code failed @ http://localhost:3000/_next/static/chunks/node_modules_next_dist_115brz8._.js:3272
[   17912ms] [ERROR] ./app/join/[inviteCode]/page.tsx:283:1
Expected '}', got '<eof>'
  281 |   );
  282 | }
> 283 |
      | ^

Parsing ecmascript source code failed @ http://localhost:3000/_next/static/chunks/node_modules_next_dist_115brz8._.js:3272
[   17974ms] [ERROR] ./app/join/[inviteCode]/page.tsx:283:1
Expected '}', got '<eof>'
  281 |   );
  282 | }
> 283 |
      | ^

Parsing ecmascript source code failed @ http://localhost:3000/_next/static/chunks/node_modules_next_dist_115brz8._.js:3272
[   18037ms] [ERROR] ./app/join/[inviteCode]/page.tsx:283:1
Expected '}', got '<eof>'
  281 |   );
  282 | }
> 283 |
      | ^

Parsing ecmascript source code failed @ http://localhost:3000/_next/static/chunks/node_modules_next_dist_115brz8._.js:3272
[   18098ms] [ERROR] ./app/join/[inviteCode]/page.tsx:283:1
Expected '}', got '<eof>'
  281 |   );
  282 | }
> 283 |
      | ^

Parsing ecmascript source code failed @ http://localhost:3000/_next/static/chunks/node_modules_next_dist_115brz8._.js:3272
[   18160ms] [ERROR] ./app/join/[inviteCode]/page.tsx:283:1
Expected '}', got '<eof>'
  281 |   );
  282 | }
> 283 |
      | ^

Parsing ecmascript source code failed @ http://localhost:3000/_next/static/chunks/node_modules_next_dist_115brz8._.js:3272
[   18222ms] [ERROR] ./app/join/[inviteCode]/page.tsx:283:1
Expected '}', got '<eof>'
  281 |   );
  282 | }
> 283 |
      | ^

Parsing ecmascript source code failed @ http://localhost:3000/_next/static/chunks/node_modules_next_dist_115brz8._.js:3272
[   18285ms] [ERROR] ./app/join/[inviteCode]/page.tsx:283:1
Expected '}', got '<eof>'
  281 |   );
  282 | }
> 283 |
      | ^

Parsing ecmascript source code failed @ http://localhost:3000/_next/static/chunks/node_modules_next_dist_115brz8._.js:3272
[   18347ms] [ERROR] ./app/join/[inviteCode]/page.tsx:283:1
Expected '}', got '<eof>'
  281 |   );
  282 | }
> 283 |
      | ^

Parsing ecmascript source code failed @ http://localhost:3000/_next/static/chunks/node_modules_next_dist_115brz8._.js:3272
[   18408ms] [ERROR] ./app/join/[inviteCode]/page.tsx:283:1
Expected '}', got '<eof>'
  281 |   );
  282 | }
> 283 |
      | ^

Parsing ecmascript source code failed @ http://localhost:3000/_next/static/chunks/node_modules_next_dist_115brz8._.js:3272
[   18471ms] [ERROR] ./app/join/[inviteCode]/page.tsx:283:1
Expected '}', got '<eof>'
  281 |   );
  282 | }
> 283 |
      | ^

Parsing ecmascript source code failed @ http://localhost:3000/_next/static/chunks/node_modules_next_dist_115brz8._.js:3272
[   18535ms] [ERROR] ./app/join/[inviteCode]/page.tsx:283:1
Expected '}', got '<eof>'
  281 |   );
  282 | }
> 283 |
      | ^

Parsing ecmascript source code failed @ http://localhost:3000/_next/static/chunks/node_modules_next_dist_115brz8._.js:3272
[   18596ms] [ERROR] ./app/join/[inviteCode]/page.tsx:283:1
Expected '}', got '<eof>'
  281 |   );
  282 | }
> 283 |
      | ^

Parsing ecmascript source code failed @ http://localhost:3000/_next/static/chunks/node_modules_next_dist_115brz8._.js:3272
[   18658ms] [ERROR] ./app/join/[inviteCode]/page.tsx:283:1
Expected '}', got '<eof>'
  281 |   );
  282 | }
> 283 |
      | ^

Parsing ecmascript source code failed @ http://localhost:3000/_next/static/chunks/node_modules_next_dist_115brz8._.js:3272
[   18719ms] [ERROR] ./app/join/[inviteCode]/page.tsx:283:1
Expected '}', got '<eof>'
  281 |   );
  282 | }
> 283 |
      | ^

Parsing ecmascript source code failed @ http://localhost:3000/_next/static/chunks/node_modules_next_dist_115brz8._.js:3272
[   18786ms] [ERROR] ./app/join/[inviteCode]/page.tsx:283:1
Expected '}', got '<eof>'
  281 |   );
  282 | }
> 283 |
      | ^

Parsing ecmascript source code failed @ http://localhost:3000/_next/static/chunks/node_modules_next_dist_115brz8._.js:3272
[   18845ms] [ERROR] ./app/join/[inviteCode]/page.tsx:283:1
Expected '}', got '<eof>'
  281 |   );
  282 | }
> 283 |
      | ^

Parsing ecmascript source code failed @ http://localhost:3000/_next/static/chunks/node_modules_next_dist_115brz8._.js:3272
[   18907ms] [ERROR] ./app/join/[inviteCode]/page.tsx:283:1
Expected '}', got '<eof>'
  281 |   );
  282 | }
> 283 |
      | ^

Parsing ecmascript source code failed @ http://localhost:3000/_next/static/chunks/node_modules_next_dist_115brz8._.js:3272
[   18968ms] [ERROR] ./app/join/[inviteCode]/page.tsx:283:1
Expected '}', got '<eof>'
  281 |   );
  282 | }
> 283 |
      | ^

Parsing ecmascript source code failed @ http://localhost:3000/_next/static/chunks/node_modules_next_dist_115brz8._.js:3272
[   19030ms] [ERROR] ./app/join/[inviteCode]/page.tsx:283:1
Expected '}', got '<eof>'
  281 |   );
  282 | }
> 283 |
      | ^

Parsing ecmascript source code failed @ http://localhost:3000/_next/static/chunks/node_modules_next_dist_115brz8._.js:3272
[   19091ms] [ERROR] ./app/join/[inviteCode]/page.tsx:283:1
Expected '}', got '<eof>'
  281 |   );
  282 | }
> 283 |
      | ^

Parsing ecmascript source code failed @ http://localhost:3000/_next/static/chunks/node_modules_next_dist_115brz8._.js:3272
[   19152ms] [ERROR] ./app/join/[inviteCode]/page.tsx:283:1
Expected '}', got '<eof>'
  281 |   );
  282 | }
> 283 |
      | ^

Parsing ecmascript source code failed @ http://localhost:3000/_next/static/chunks/node_modules_next_dist_115brz8._.js:3272
[   19214ms] [ERROR] ./app/join/[inviteCode]/page.tsx:283:1
Expected '}', got '<eof>'
  281 |   );
  282 | }
> 283 |
      | ^

Parsing ecmascript source code failed @ http://localhost:3000/_next/static/chunks/node_modules_next_dist_115brz8._.js:3272
[   19276ms] [ERROR] ./app/join/[inviteCode]/page.tsx:283:1
Expected '}', got '<eof>'
  281 |   );
  282 | }
> 283 |
      | ^

Parsing ecmascript source code failed @ http://localhost:3000/_next/static/chunks/node_modules_next_dist_115brz8._.js:3272
[   19353ms] [ERROR] ./app/join/[inviteCode]/page.tsx:283:1
Expected '}', got '<eof>'
  281 |   );
  282 | }
> 283 |
      | ^

Parsing ecmascript source code failed @ http://localhost:3000/_next/static/chunks/node_modules_next_dist_115brz8._.js:3272
[   19418ms] [ERROR] ./app/join/[inviteCode]/page.tsx:283:1
Expected '}', got '<eof>'
  281 |   );
  282 | }
> 283 |
      | ^

Parsing ecmascript source code failed @ http://localhost:3000/_next/static/chunks/node_modules_next_dist_115brz8._.js:3272
[   19476ms] [ERROR] ./app/join/[inviteCode]/page.tsx:283:1
Expected '}', got '<eof>'
  281 |   );
  282 | }
> 283 |
      | ^

Parsing ecmascript source code failed @ http://localhost:3000/_next/static/chunks/node_modules_next_dist_115brz8._.js:3272
[   19539ms] [ERROR] ./app/join/[inviteCode]/page.tsx:283:1
Expected '}', got '<eof>'
  281 |   );
  282 | }
> 283 |
      | ^

Parsing ecmascript source code failed @ http://localhost:3000/_next/static/chunks/node_modules_next_dist_115brz8._.js:3272
[   19602ms] [ERROR] ./app/join/[inviteCode]/page.tsx:283:1
Expected '}', got '<eof>'
  281 |   );
  282 | }
> 283 |
      | ^

Parsing ecmascript source code failed @ http://localhost:3000/_next/static/chunks/node_modules_next_dist_115brz8._.js:3272
[   19661ms] [ERROR] ./app/join/[inviteCode]/page.tsx:283:1
Expected '}', got '<eof>'
  281 |   );
  282 | }
> 283 |
      | ^

Parsing ecmascript source code failed @ http://localhost:3000/_next/static/chunks/node_modules_next_dist_115brz8._.js:3272
[   19724ms] [ERROR] ./app/join/[inviteCode]/page.tsx:283:1
Expected '}', got '<eof>'
  281 |   );
  282 | }
> 283 |
      | ^

Parsing ecmascript source code failed @ http://localhost:3000/_next/static/chunks/node_modules_next_dist_115brz8._.js:3272
[   19787ms] [ERROR] ./app/join/[inviteCode]/page.tsx:283:1
Expected '}', got '<eof>'
  281 |   );
  282 | }
> 283 |
      | ^

Parsing ecmascript source code failed @ http://localhost:3000/_next/static/chunks/node_modules_next_dist_115brz8._.js:3272
[   19850ms] [ERROR] ./app/join/[inviteCode]/page.tsx:283:1
Expected '}', got '<eof>'
  281 |   );
  282 | }
> 283 |
      | ^

Parsing ecmascript source code failed @ http://localhost:3000/_next/static/chunks/node_modules_next_dist_115brz8._.js:3272
[   19911ms] [ERROR] ./app/join/[inviteCode]/page.tsx:283:1
Expected '}', got '<eof>'
  281 |   );
  282 | }
> 283 |
      | ^

Parsing ecmascript source code failed @ http://localhost:3000/_next/static/chunks/node_modules_next_dist_115brz8._.js:3272
[   19974ms] [ERROR] ./app/join/[inviteCode]/page.tsx:283:1
Expected '}', got '<eof>'
  281 |   );
  282 | }
> 283 |
      | ^

Parsing ecmascript source code failed @ http://localhost:3000/_next/static/chunks/node_modules_next_dist_115brz8._.js:3272
[   20036ms] [ERROR] ./app/join/[inviteCode]/page.tsx:283:1
Expected '}', got '<eof>'
  281 |   );
  282 | }
> 283 |
      | ^

Parsing ecmascript source code failed @ http://localhost:3000/_next/static/chunks/node_modules_next_dist_115brz8._.js:3272
[   20097ms] [ERROR] ./app/join/[inviteCode]/page.tsx:283:1
Expected '}', got '<eof>'
  281 |   );
  282 | }
> 283 |
      | ^

Parsing ecmascript source code failed @ http://localhost:3000/_next/static/chunks/node_modules_next_dist_115brz8._.js:3272
[   20158ms] [ERROR] ./app/join/[inviteCode]/page.tsx:283:1
Expected '}', got '<eof>'
  281 |   );
  282 | }
> 283 |
      | ^

Parsing ecmascript source code failed @ http://localhost:3000/_next/static/chunks/node_modules_next_dist_115brz8._.js:3272
[   20221ms] [ERROR] ./app/join/[inviteCode]/page.tsx:283:1
Expected '}', got '<eof>'
  281 |   );
  282 | }
> 283 |
      | ^

Parsing ecmascript source code failed @ http://localhost:3000/_next/static/chunks/node_modules_next_dist_115brz8._.js:3272
[   20300ms] [ERROR] ./app/join/[inviteCode]/page.tsx:283:1
Expected '}', got '<eof>'
  281 |   );
  282 | }
> 283 |
      | ^

Parsing ecmascript source code failed @ http://localhost:3000/_next/static/chunks/node_modules_next_dist_115brz8._.js:3272
[   20360ms] [ERROR] ./app/join/[inviteCode]/page.tsx:283:1
Expected '}', got '<eof>'
  281 |   );
  282 | }
> 283 |
      | ^

Parsing ecmascript source code failed @ http://localhost:3000/_next/static/chunks/node_modules_next_dist_115brz8._.js:3272
[   20423ms] [ERROR] ./app/join/[inviteCode]/page.tsx:283:1
Expected '}', got '<eof>'
  281 |   );
  282 | }
> 283 |
      | ^

Parsing ecmascript source code failed @ http://localhost:3000/_next/static/chunks/node_modules_next_dist_115brz8._.js:3272
[   20486ms] [ERROR] ./app/join/[inviteCode]/page.tsx:283:1
Expected '}', got '<eof>'
  281 |   );
  282 | }
> 283 |
      | ^

Parsing ecmascript source code failed @ http://localhost:3000/_next/static/chunks/node_modules_next_dist_115brz8._.js:3272
[   20548ms] [ERROR] ./app/join/[inviteCode]/page.tsx:283:1
Expected '}', got '<eof>'
  281 |   );
  282 | }
> 283 |
      | ^

Parsing ecmascript source code failed @ http://localhost:3000/_next/static/chunks/node_modules_next_dist_115brz8._.js:3272
[   20609ms] [ERROR] ./app/join/[inviteCode]/page.tsx:283:1
Expected '}', got '<eof>'
  281 |   );
  282 | }
> 283 |
      | ^

Parsing ecmascript source code failed @ http://localhost:3000/_next/static/chunks/node_modules_next_dist_115brz8._.js:3272
[   20672ms] [ERROR] ./app/join/[inviteCode]/page.tsx:283:1
Expected '}', got '<eof>'
  281 |   );
  282 | }
> 283 |
      | ^

Parsing ecmascript source code failed @ http://localhost:3000/_next/static/chunks/node_modules_next_dist_115brz8._.js:3272
[   20733ms] [ERROR] ./app/join/[inviteCode]/page.tsx:283:1
Expected '}', got '<eof>'
  281 |   );
  282 | }
> 283 |
      | ^

Parsing ecmascript source code failed @ http://localhost:3000/_next/static/chunks/node_modules_next_dist_115brz8._.js:3272
[   20796ms] [ERROR] ./app/join/[inviteCode]/page.tsx:283:1
Expected '}', got '<eof>'
  281 |   );
  282 | }
> 283 |
      | ^

Parsing ecmascript source code failed @ http://localhost:3000/_next/static/chunks/node_modules_next_dist_115brz8._.js:3272
[   20858ms] [ERROR] ./app/join/[inviteCode]/page.tsx:283:1
Expected '}', got '<eof>'
  281 |   );
  282 | }
> 283 |
      | ^

Parsing ecmascript source code failed @ http://localhost:3000/_next/static/chunks/node_modules_next_dist_115brz8._.js:3272
[   20920ms] [ERROR] ./app/join/[inviteCode]/page.tsx:283:1
Expected '}', got '<eof>'
  281 |   );
  282 | }
> 283 |
      | ^

Parsing ecmascript source code failed @ http://localhost:3000/_next/static/chunks/node_modules_next_dist_115brz8._.js:3272
[   20983ms] [ERROR] ./app/join/[inviteCode]/page.tsx:283:1
Expected '}', got '<eof>'
  281 |   );
  282 | }
> 283 |
      | ^

Parsing ecmascript source code failed @ http://localhost:3000/_next/static/chunks/node_modules_next_dist_115brz8._.js:3272
[   21045ms] [ERROR] ./app/join/[inviteCode]/page.tsx:283:1
Expected '}', got '<eof>'
  281 |   );
  282 | }
> 283 |
      | ^

Parsing ecmascript source code failed @ http://localhost:3000/_next/static/chunks/node_modules_next_dist_115brz8._.js:3272
[   21107ms] [ERROR] ./app/join/[inviteCode]/page.tsx:283:1
Expected '}', got '<eof>'
  281 |   );
  282 | }
> 283 |
      | ^

Parsing ecmascript source code failed @ http://localhost:3000/_next/static/chunks/node_modules_next_dist_115brz8._.js:3272
[   21169ms] [ERROR] ./app/join/[inviteCode]/page.tsx:283:1
Expected '}', got '<eof>'
  281 |   );
  282 | }
> 283 |
      | ^

Parsing ecmascript source code failed @ http://localhost:3000/_next/static/chunks/node_modules_next_dist_115brz8._.js:3272
[   21231ms] [ERROR] ./app/join/[inviteCode]/page.tsx:283:1
Expected '}', got '<eof>'
  281 |   );
  282 | }
> 283 |
      | ^

Parsing ecmascript source code failed @ http://localhost:3000/_next/static/chunks/node_modules_next_dist_115brz8._.js:3272
[   21292ms] [ERROR] ./app/join/[inviteCode]/page.tsx:283:1
Expected '}', got '<eof>'
  281 |   );
  282 | }
> 283 |
      | ^

Parsing ecmascript source code failed @ http://localhost:3000/_next/static/chunks/node_modules_next_dist_115brz8._.js:3272
[   21354ms] [ERROR] ./app/join/[inviteCode]/page.tsx:283:1
Expected '}', got '<eof>'
  281 |   );
  282 | }
> 283 |
      | ^

Parsing ecmascript source code failed @ http://localhost:3000/_next/static/chunks/node_modules_next_dist_115brz8._.js:3272
[   21416ms] [ERROR] ./app/join/[inviteCode]/page.tsx:283:1
Expected '}', got '<eof>'
  281 |   );
  282 | }
> 283 |
      | ^

Parsing ecmascript source code failed @ http://localhost:3000/_next/static/chunks/node_modules_next_dist_115brz8._.js:3272
[   21477ms] [ERROR] ./app/join/[inviteCode]/page.tsx:283:1
Expected '}', got '<eof>'
  281 |   );
  282 | }
> 283 |
      | ^

Parsing ecmascript source code failed @ http://localhost:3000/_next/static/chunks/node_modules_next_dist_115brz8._.js:3272
[   21540ms] [ERROR] ./app/join/[inviteCode]/page.tsx:283:1
Expected '}', got '<eof>'
  281 |   );
  282 | }
> 283 |
      | ^

Parsing ecmascript source code failed @ http://localhost:3000/_next/static/chunks/node_modules_next_dist_115brz8._.js:3272
[   21603ms] [ERROR] ./app/join/[inviteCode]/page.tsx:283:1
Expected '}', got '<eof>'
  281 |   );
  282 | }
> 283 |
      | ^

Parsing ecmascript source code failed @ http://localhost:3000/_next/static/chunks/node_modules_next_dist_115brz8._.js:3272
[   21664ms] [ERROR] ./app/join/[inviteCode]/page.tsx:283:1
Expected '}', got '<eof>'
  281 |   );
  282 | }
> 283 |
      | ^

Parsing ecmascript source code failed @ http://localhost:3000/_next/static/chunks/node_modules_next_dist_115brz8._.js:3272
[   21727ms] [ERROR] ./app/join/[inviteCode]/page.tsx:283:1
Expected '}', got '<eof>'
  281 |   );
  282 | }
> 283 |
      | ^

Parsing ecmascript source code failed @ http://localhost:3000/_next/static/chunks/node_modules_next_dist_115brz8._.js:3272
[   21788ms] [ERROR] ./app/join/[inviteCode]/page.tsx:283:1
Expected '}', got '<eof>'
  281 |   );
  282 | }
> 283 |
      | ^

Parsing ecmascript source code failed @ http://localhost:3000/_next/static/chunks/node_modules_next_dist_115brz8._.js:3272
[   21851ms] [ERROR] ./app/join/[inviteCode]/page.tsx:283:1
Expected '}', got '<eof>'
  281 |   );
  282 | }
> 283 |
      | ^

Parsing ecmascript source code failed @ http://localhost:3000/_next/static/chunks/node_modules_next_dist_115brz8._.js:3272
[   21914ms] [ERROR] ./app/join/[inviteCode]/page.tsx:283:1
Expected '}', got '<eof>'
  281 |   );
  282 | }
> 283 |
      | ^

Parsing ecmascript source code failed @ http://localhost:3000/_next/static/chunks/node_modules_next_dist_115brz8._.js:3272
[   21975ms] [ERROR] ./app/join/[inviteCode]/page.tsx:283:1
Expected '}', got '<eof>'
  281 |   );
  282 | }
> 283 |
      | ^

Parsing ecmascript source code failed @ http://localhost:3000/_next/static/chunks/node_modules_next_dist_115brz8._.js:3272
[   22037ms] [ERROR] ./app/join/[inviteCode]/page.tsx:283:1
Expected '}', got '<eof>'
  281 |   );
  282 | }
> 283 |
      | ^

Parsing ecmascript source code failed @ http://localhost:3000/_next/static/chunks/node_modules_next_dist_115brz8._.js:3272
[   22102ms] [ERROR] ./app/join/[inviteCode]/page.tsx:283:1
Expected '}', got '<eof>'
  281 |   );
  282 | }
> 283 |
      | ^

Parsing ecmascript source code failed @ http://localhost:3000/_next/static/chunks/node_modules_next_dist_115brz8._.js:3272
[   22162ms] [ERROR] ./app/join/[inviteCode]/page.tsx:283:1
Expected '}', got '<eof>'
  281 |   );
  282 | }
> 283 |
      | ^

Parsing ecmascript source code failed @ http://localhost:3000/_next/static/chunks/node_modules_next_dist_115brz8._.js:3272
[   22224ms] [ERROR] ./app/join/[inviteCode]/page.tsx:283:1
Expected '}', got '<eof>'
  281 |   );
  282 | }
> 283 |
      | ^

Parsing ecmascript source code failed @ http://localhost:3000/_next/static/chunks/node_modules_next_dist_115brz8._.js:3272
[   22287ms] [ERROR] ./app/join/[inviteCode]/page.tsx:283:1
Expected '}', got '<eof>'
  281 |   );
  282 | }
> 283 |
      | ^

Parsing ecmascript source code failed @ http://localhost:3000/_next/static/chunks/node_modules_next_dist_115brz8._.js:3272
[   22350ms] [ERROR] ./app/join/[inviteCode]/page.tsx:283:1
Expected '}', got '<eof>'
  281 |   );
  282 | }
> 283 |
      | ^

Parsing ecmascript source code failed @ http://localhost:3000/_next/static/chunks/node_modules_next_dist_115brz8._.js:3272
[   22413ms] [ERROR] ./app/join/[inviteCode]/page.tsx:283:1
Expected '}', got '<eof>'
  281 |   );
  282 | }
> 283 |
      | ^

Parsing ecmascript source code failed @ http://localhost:3000/_next/static/chunks/node_modules_next_dist_115brz8._.js:3272
[   22473ms] [ERROR] ./app/join/[inviteCode]/page.tsx:283:1
Expected '}', got '<eof>'
  281 |   );
  282 | }
> 283 |
      | ^

Parsing ecmascript source code failed @ http://localhost:3000/_next/static/chunks/node_modules_next_dist_115brz8._.js:3272
[   22537ms] [ERROR] ./app/join/[inviteCode]/page.tsx:283:1
Expected '}', got '<eof>'
  281 |   );
  282 | }
> 283 |
      | ^

Parsing ecmascript source code failed @ http://localhost:3000/_next/static/chunks/node_modules_next_dist_115brz8._.js:3272
[   22600ms] [ERROR] ./app/join/[inviteCode]/page.tsx:283:1
Expected '}', got '<eof>'
  281 |   );
  282 | }
> 283 |
      | ^

Parsing ecmascript source code failed @ http://localhost:3000/_next/static/chunks/node_modules_next_dist_115brz8._.js:3272
[   22663ms] [ERROR] ./app/join/[inviteCode]/page.tsx:283:1
Expected '}', got '<eof>'
  281 |   );
  282 | }
> 283 |
      | ^

Parsing ecmascript source code failed @ http://localhost:3000/_next/static/chunks/node_modules_next_dist_115brz8._.js:3272
[   22726ms] [ERROR] ./app/join/[inviteCode]/page.tsx:283:1
Expected '}', got '<eof>'
  281 |   );
  282 | }
> 283 |
      | ^

Parsing ecmascript source code failed @ http://localhost:3000/_next/static/chunks/node_modules_next_dist_115brz8._.js:3272
[   22851ms] [LOG] [Fast Refresh] rebuilding @ http://localhost:3000/_next/static/chunks/node_modules_next_dist_115brz8._.js:2431
[   23110ms] [ERROR] ./app/join/[inviteCode]/page.tsx:283:1
Expected '}', got '<eof>'
  281 |   );
  282 | }
> 283 |
      | ^

Parsing ecmascript source code failed @ http://localhost:3000/_next/static/chunks/node_modules_next_dist_115brz8._.js:3272
[   23110ms] [ERROR] ./app/join/[inviteCode]/page.tsx:283:1
Expected '}', got '<eof>'
  281 |   );
  282 | }
> 283 |
      | ^

Parsing ecmascript source code failed @ http://localhost:3000/_next/static/chunks/node_modules_next_dist_115brz8._.js:3272
[   23163ms] [ERROR] ./app/join/[inviteCode]/page.tsx:283:1
Expected '}', got '<eof>'
  281 |   );
  282 | }
> 283 |
      | ^

Parsing ecmascript source code failed @ http://localhost:3000/_next/static/chunks/node_modules_next_dist_115brz8._.js:3272
[   23256ms] [ERROR] ./app/join/[inviteCode]/page.tsx:283:1
Expected '}', got '<eof>'
  281 |   );
  282 | }
> 283 |
      | ^

Parsing ecmascript source code failed @ http://localhost:3000/_next/static/chunks/node_modules_next_dist_115brz8._.js:3272
[   23319ms] [ERROR] ./app/join/[inviteCode]/page.tsx:283:1
Expected '}', got '<eof>'
  281 |   );
  282 | }
> 283 |
      | ^

Parsing ecmascript source code failed @ http://localhost:3000/_next/static/chunks/node_modules_next_dist_115brz8._.js:3272
[   23383ms] [ERROR] ./app/join/[inviteCode]/page.tsx:283:1
Expected '}', got '<eof>'
  281 |   );
  282 | }
> 283 |
      | ^

Parsing ecmascript source code failed @ http://localhost:3000/_next/static/chunks/node_modules_next_dist_115brz8._.js:3272
[   23444ms] [ERROR] ./app/join/[inviteCode]/page.tsx:283:1
Expected '}', got '<eof>'
  281 |   );
  282 | }
> 283 |
      | ^

Parsing ecmascript source code failed @ http://localhost:3000/_next/static/chunks/node_modules_next_dist_115brz8._.js:3272
[   23507ms] [ERROR] ./app/join/[inviteCode]/page.tsx:283:1
Expected '}', got '<eof>'
  281 |   );
  282 | }
> 283 |
      | ^

Parsing ecmascript source code failed @ http://localhost:3000/_next/static/chunks/node_modules_next_dist_115brz8._.js:3272
[   23570ms] [ERROR] ./app/join/[inviteCode]/page.tsx:283:1
Expected '}', got '<eof>'
  281 |   );
  282 | }
> 283 |
      | ^

Parsing ecmascript source code failed @ http://localhost:3000/_next/static/chunks/node_modules_next_dist_115brz8._.js:3272
[   23654ms] [LOG] [Fast Refresh] rebuilding @ http://localhost:3000/_next/static/chunks/node_modules_next_dist_115brz8._.js:2431
[   23819ms] [LOG] %c%s%c [JOIN PAGE] 초대 페이지 로드 시작, inviteCode: background: #e6e6e6;background: light-dark(rgba(0,0,0,0.1), rgba(255,255,255,0.25));color: #000000;color: light-dark(#000000, #ffffff);border-radius: 2px  Server   r6zvhxck @ http://localhost:3000/_next/static/chunks/node_modules_next_dist_115brz8._.js:2431
[   23819ms] [LOG] %c%s%c [초대 코드 조회 시작] inviteCode: "r6zvhxck" background: #e6e6e6;background: light-dark(rgba(0,0,0,0.1), rgba(255,255,255,0.25));color: #000000;color: light-dark(#000000, #ffffff);border-radius: 2px  Server   @ http://localhost:3000/_next/static/chunks/node_modules_next_dist_115brz8._.js:2431
[   23819ms] [ERROR] %c%s%c [초대 코드 조회 예외] background: #e6e6e6;background: light-dark(rgba(0,0,0,0.1), rgba(255,255,255,0.25));color: #000000;color: light-dark(#000000, #ffffff);border-radius: 2px  Server   Unexpected token '<', "<!DOCTYPE "... is not valid JSON @ http://localhost:3000/_next/static/chunks/node_modules_next_dist_115brz8._.js:3272
[   23835ms] [LOG] [Fast Refresh] done in 63ms @ http://localhost:3000/_next/static/chunks/node_modules_next_dist_115brz8._.js:2431
[   23871ms] [LOG] %c%s%c [JOIN PAGE] 사용자 인증 상태: background: #e6e6e6;background: light-dark(rgba(0,0,0,0.1), rgba(255,255,255,0.25));color: #000000;color: light-dark(#000000, #ffffff);border-radius: 2px  Server   로그인됨 (dhljjknd@naver.com) @ http://localhost:3000/_next/static/chunks/node_modules_next_dist_115brz8._.js:2431
[   23871ms] [LOG] %c%s%c [JOIN PAGE] 이벤트 조회 시작 background: #e6e6e6;background: light-dark(rgba(0,0,0,0.1), rgba(255,255,255,0.25));color: #000000;color: light-dark(#000000, #ffffff);border-radius: 2px  Server   @ http://localhost:3000/_next/static/chunks/node_modules_next_dist_115brz8._.js:2431
[   23969ms] TypeError: Cannot read properties of null (reading 'access_token')
    at resolveErrorDev (http://localhost:3000/_next/static/chunks/node_modules_next_dist_compiled_react-server-dom-turbopack_0p3wegg._.js:1919:150)
    at processFullStringRow (http://localhost:3000/_next/static/chunks/node_modules_next_dist_compiled_react-server-dom-turbopack_0p3wegg._.js:2434:29)
    at processFullBinaryRow (http://localhost:3000/_next/static/chunks/node_modules_next_dist_compiled_react-server-dom-turbopack_0p3wegg._.js:2393:9)
    at processBinaryChunk (http://localhost:3000/_next/static/chunks/node_modules_next_dist_compiled_react-server-dom-turbopack_0p3wegg._.js:2502:221)
    at progress (http://localhost:3000/_next/static/chunks/node_modules_next_dist_compiled_react-server-dom-turbopack_0p3wegg._.js:2689:13)
[   52300ms] [LOG] [Fast Refresh] rebuilding @ http://localhost:3000/_next/static/chunks/node_modules_next_dist_115brz8._.js:2431
[   52441ms] [LOG] [Fast Refresh] done in 218ms @ http://localhost:3000/_next/static/chunks/node_modules_next_dist_115brz8._.js:2431
[   52673ms] [LOG] [Fast Refresh] rebuilding @ http://localhost:3000/_next/static/chunks/node_modules_next_dist_115brz8._.js:2431
[   52799ms] [LOG] [Fast Refresh] done in 239ms @ http://localhost:3000/_next/static/chunks/node_modules_next_dist_115brz8._.js:2431
[   52906ms] [ERROR] Failed to load resource: the server responded with a status of 500 (Internal Server Error) @ http://localhost:3000/join/r6zvhxck:0
[   52941ms] [INFO] %cDownload the React DevTools for a better development experience: https://react.dev/link/react-devtools font-weight:bold @ http://localhost:3000/_next/static/chunks/node_modules_next_dist_115brz8._.js:2431
[   52961ms] [LOG] [HMR] connected @ http://localhost:3000/_next/static/chunks/node_modules_next_dist_115brz8._.js:2431
[   52965ms] [LOG] %c%s%c [JOIN PAGE] 초대 페이지 로드 시작, inviteCode: background: #e6e6e6;background: light-dark(rgba(0,0,0,0.1), rgba(255,255,255,0.25));color: #000000;color: light-dark(#000000, #ffffff);border-radius: 2px  Server   r6zvhxck @ http://localhost:3000/_next/static/chunks/node_modules_next_dist_115brz8._.js:2431
[   52976ms] [ERROR] Encountered a script tag while rendering React component. Scripts inside React components are never executed when rendering on the client. Consider using template tag instead (https://developer.mozilla.org/en-US/docs/Web/HTML/Element/template). @ http://localhost:3000/_next/static/chunks/node_modules_next_dist_115brz8._.js:3272
[   52995ms] TypeError: Cannot read properties of null (reading 'access_token')
    at resolveErrorDev (http://localhost:3000/_next/static/chunks/node_modules_next_dist_compiled_react-server-dom-turbopack_0p3wegg._.js:1919:105)
    at processFullStringRow (http://localhost:3000/_next/static/chunks/node_modules_next_dist_compiled_react-server-dom-turbopack_0p3wegg._.js:2434:29)
    at processFullBinaryRow (http://localhost:3000/_next/static/chunks/node_modules_next_dist_compiled_react-server-dom-turbopack_0p3wegg._.js:2393:9)
    at processBinaryChunk (http://localhost:3000/_next/static/chunks/node_modules_next_dist_compiled_react-server-dom-turbopack_0p3wegg._.js:2502:221)
    at progress (http://localhost:3000/_next/static/chunks/node_modules_next_dist_compiled_react-server-dom-turbopack_0p3wegg._.js:2689:13)
[   53096ms] [LOG] [Fast Refresh] rebuilding @ http://localhost:3000/_next/static/chunks/node_modules_next_dist_115brz8._.js:2431
[   53098ms] [LOG] [Fast Refresh] done in 109ms @ http://localhost:3000/_next/static/chunks/node_modules_next_dist_115brz8._.js:2431
[   63302ms] [LOG] [Fast Refresh] rebuilding @ http://localhost:3000/_next/static/chunks/node_modules_next_dist_115brz8._.js:2431
[   63382ms] [LOG] [Fast Refresh] done in 53ms @ http://localhost:3000/_next/static/chunks/node_modules_next_dist_115brz8._.js:2431
[   63495ms] [ERROR] Failed to load resource: the server responded with a status of 500 (Internal Server Error) @ http://localhost:3000/join/r6zvhxck:0
[   63544ms] [INFO] %cDownload the React DevTools for a better development experience: https://react.dev/link/react-devtools font-weight:bold @ http://localhost:3000/_next/static/chunks/node_modules_next_dist_115brz8._.js:2431
[   63568ms] [LOG] [HMR] connected @ http://localhost:3000/_next/static/chunks/node_modules_next_dist_115brz8._.js:2431
[   63575ms] [LOG] %c%s%c [JOIN PAGE] 초대 페이지 로드 시작, inviteCode: background: #e6e6e6;background: light-dark(rgba(0,0,0,0.1), rgba(255,255,255,0.25));color: #000000;color: light-dark(#000000, #ffffff);border-radius: 2px  Server   r6zvhxck @ http://localhost:3000/_next/static/chunks/node_modules_next_dist_115brz8._.js:2431
[   63588ms] [ERROR] Encountered a script tag while rendering React component. Scripts inside React components are never executed when rendering on the client. Consider using template tag instead (https://developer.mozilla.org/en-US/docs/Web/HTML/Element/template). @ http://localhost:3000/_next/static/chunks/node_modules_next_dist_115brz8._.js:3272
[   63612ms] TypeError: Cannot read properties of null (reading 'access_token')
    at resolveErrorDev (http://localhost:3000/_next/static/chunks/node_modules_next_dist_compiled_react-server-dom-turbopack_0p3wegg._.js:1919:105)
    at processFullStringRow (http://localhost:3000/_next/static/chunks/node_modules_next_dist_compiled_react-server-dom-turbopack_0p3wegg._.js:2434:29)
    at processFullBinaryRow (http://localhost:3000/_next/static/chunks/node_modules_next_dist_compiled_react-server-dom-turbopack_0p3wegg._.js:2393:9)
    at processBinaryChunk (http://localhost:3000/_next/static/chunks/node_modules_next_dist_compiled_react-server-dom-turbopack_0p3wegg._.js:2502:221)
    at progress (http://localhost:3000/_next/static/chunks/node_modules_next_dist_compiled_react-server-dom-turbopack_0p3wegg._.js:2689:13)
[   63681ms] [LOG] [Fast Refresh] rebuilding @ http://localhost:3000/_next/static/chunks/node_modules_next_dist_115brz8._.js:2431
[   63744ms] [LOG] [Fast Refresh] done in 166ms @ http://localhost:3000/_next/static/chunks/node_modules_next_dist_115brz8._.js:2431
