[     830ms] [INFO] %cDownload the React DevTools for a better development experience: https://react.dev/link/react-devtools font-weight:bold @ http://localhost:3000/_next/static/chunks/node_modules_next_dist_115brz8._.js:2431
[     889ms] [LOG] [HMR] connected @ http://localhost:3000/_next/static/chunks/node_modules_next_dist_115brz8._.js:2431
[     896ms] [LOG] %c%s%c [JOIN PAGE] 초대 페이지 로드 시작, inviteCode: background: #e6e6e6;background: light-dark(rgba(0,0,0,0.1), rgba(255,255,255,0.25));color: #000000;color: light-dark(#000000, #ffffff);border-radius: 2px  Server   r6zvhxck @ http://localhost:3000/_next/static/chunks/node_modules_next_dist_115brz8._.js:2431
[     896ms] [LOG] %c%s%c [초대 코드 조회 시작] inviteCode: "r6zvhxck" background: #e6e6e6;background: light-dark(rgba(0,0,0,0.1), rgba(255,255,255,0.25));color: #000000;color: light-dark(#000000, #ffffff);border-radius: 2px  Server   @ http://localhost:3000/_next/static/chunks/node_modules_next_dist_115brz8._.js:2431
[     896ms] [LOG] %c%s%c [JOIN PAGE] 사용자 인증 상태: background: #e6e6e6;background: light-dark(rgba(0,0,0,0.1), rgba(255,255,255,0.25));color: #000000;color: light-dark(#000000, #ffffff);border-radius: 2px  Server   로그인됨 (dhljjknd@naver.com) @ http://localhost:3000/_next/static/chunks/node_modules_next_dist_115brz8._.js:2431
[     896ms] [LOG] %c%s%c [JOIN PAGE] 이벤트 조회 시작 background: #e6e6e6;background: light-dark(rgba(0,0,0,0.1), rgba(255,255,255,0.25));color: #000000;color: light-dark(#000000, #ffffff);border-radius: 2px  Server   @ http://localhost:3000/_next/static/chunks/node_modules_next_dist_115brz8._.js:2431
[     896ms] [LOG] %c%s%c [초대 코드 조회 시작] inviteCode: "r6zvhxck" background: #e6e6e6;background: light-dark(rgba(0,0,0,0.1), rgba(255,255,255,0.25));color: #000000;color: light-dark(#000000, #ffffff);border-radius: 2px  Server   @ http://localhost:3000/_next/static/chunks/node_modules_next_dist_115brz8._.js:2431
[     897ms] [ERROR] %c%s%c [조회 실패] inviteCode: "r6zvhxck" background: #e6e6e6;background: light-dark(rgba(0,0,0,0.1), rgba(255,255,255,0.25));color: #000000;color: light-dark(#000000, #ffffff);border-radius: 2px  Server   에러 코드: PGRST116 메시지: Cannot coerce the result to a single JSON object @ http://localhost:3000/_next/static/chunks/node_modules_next_dist_115brz8._.js:3272
[     897ms] [LOG] %c%s%c [RLS 의심] 모든 초대 코드 목록 조회 시도... background: #e6e6e6;background: light-dark(rgba(0,0,0,0.1), rgba(255,255,255,0.25));color: #000000;color: light-dark(#000000, #ffffff);border-radius: 2px  Server   @ http://localhost:3000/_next/static/chunks/node_modules_next_dist_115brz8._.js:2431
[     897ms] [ERROR] %c%s%c [조회 실패] inviteCode: "r6zvhxck" background: #e6e6e6;background: light-dark(rgba(0,0,0,0.1), rgba(255,255,255,0.25));color: #000000;color: light-dark(#000000, #ffffff);border-radius: 2px  Server   에러 코드: PGRST116 메시지: Cannot coerce the result to a single JSON object @ http://localhost:3000/_next/static/chunks/node_modules_next_dist_115brz8._.js:3272
[     897ms] [LOG] %c%s%c [RLS 의심] 모든 초대 코드 목록 조회 시도... background: #e6e6e6;background: light-dark(rgba(0,0,0,0.1), rgba(255,255,255,0.25));color: #000000;color: light-dark(#000000, #ffffff);border-radius: 2px  Server   @ http://localhost:3000/_next/static/chunks/node_modules_next_dist_115brz8._.js:2431
[     897ms] [LOG] %c%s%c [DB의 모든 이벤트] background: #e6e6e6;background: light-dark(rgba(0,0,0,0.1), rgba(255,255,255,0.25));color: #000000;color: light-dark(#000000, #ffffff);border-radius: 2px  Server   [Object] @ http://localhost:3000/_next/static/chunks/node_modules_next_dist_115brz8._.js:2431
[     898ms] [LOG] %c%s%c [DB의 모든 이벤트] background: #e6e6e6;background: light-dark(rgba(0,0,0,0.1), rgba(255,255,255,0.25));color: #000000;color: light-dark(#000000, #ffffff);border-radius: 2px  Server   [Object] @ http://localhost:3000/_next/static/chunks/node_modules_next_dist_115brz8._.js:2431
[     898ms] [LOG] %c%s%c [JOIN PAGE] 이벤트 조회 실패 - 초대 코드가 존재하지 않음 background: #e6e6e6;background: light-dark(rgba(0,0,0,0.1), rgba(255,255,255,0.25));color: #000000;color: light-dark(#000000, #ffffff);border-radius: 2px  Server   @ http://localhost:3000/_next/static/chunks/node_modules_next_dist_115brz8._.js:2431
[     898ms] [ERROR] %c%s%c [JOIN PAGE] 에러 페이지 렌더링 background: #e6e6e6;background: light-dark(rgba(0,0,0,0.1), rgba(255,255,255,0.25));color: #000000;color: light-dark(#000000, #ffffff);border-radius: 2px  Server   @ http://localhost:3000/_next/static/chunks/node_modules_next_dist_115brz8._.js:3272
[   17945ms] [LOG] [Fast Refresh] rebuilding @ http://localhost:3000/_next/static/chunks/node_modules_next_dist_115brz8._.js:2431
[   18070ms] [LOG] %c%s%c [JOIN PAGE] 초대 페이지 로드 시작, inviteCode: background: #e6e6e6;background: light-dark(rgba(0,0,0,0.1), rgba(255,255,255,0.25));color: #000000;color: light-dark(#000000, #ffffff);border-radius: 2px  Server   r6zvhxck @ http://localhost:3000/_next/static/chunks/node_modules_next_dist_115brz8._.js:2431
[   18090ms] [LOG] [Fast Refresh] done in 81ms @ http://localhost:3000/_next/static/chunks/node_modules_next_dist_115brz8._.js:2431
[   18099ms] [LOG] %c%s%c [초대 코드 조회 시작] inviteCode: "r6zvhxck" background: #e6e6e6;background: light-dark(rgba(0,0,0,0.1), rgba(255,255,255,0.25));color: #000000;color: light-dark(#000000, #ffffff);border-radius: 2px  Server   @ http://localhost:3000/_next/static/chunks/node_modules_next_dist_115brz8._.js:2431
[   18099ms] [LOG] %c%s%c [초대 코드 조회] 미인증 상태로 전환 background: #e6e6e6;background: light-dark(rgba(0,0,0,0.1), rgba(255,255,255,0.25));color: #000000;color: light-dark(#000000, #ffffff);border-radius: 2px  Server   @ http://localhost:3000/_next/static/chunks/node_modules_next_dist_115brz8._.js:2431
[   18099ms] [ERROR] %c%s%c [초대 코드 조회 예외] background: #e6e6e6;background: light-dark(rgba(0,0,0,0.1), rgba(255,255,255,0.25));color: #000000;color: light-dark(#000000, #ffffff);border-radius: 2px  Server   Cannot read properties of null (reading 'access_token') @ http://localhost:3000/_next/static/chunks/node_modules_next_dist_115brz8._.js:3272
[   18100ms] [LOG] %c%s%c [JOIN PAGE] 사용자 인증 상태: background: #e6e6e6;background: light-dark(rgba(0,0,0,0.1), rgba(255,255,255,0.25));color: #000000;color: light-dark(#000000, #ffffff);border-radius: 2px  Server   로그인됨 (dhljjknd@naver.com) @ http://localhost:3000/_next/static/chunks/node_modules_next_dist_115brz8._.js:2431
[   18100ms] [LOG] %c%s%c [JOIN PAGE] 이벤트 조회 시작 background: #e6e6e6;background: light-dark(rgba(0,0,0,0.1), rgba(255,255,255,0.25));color: #000000;color: light-dark(#000000, #ffffff);border-radius: 2px  Server   @ http://localhost:3000/_next/static/chunks/node_modules_next_dist_115brz8._.js:2431
[   18100ms] [LOG] %c%s%c [초대 코드 조회 시작] inviteCode: "r6zvhxck" background: #e6e6e6;background: light-dark(rgba(0,0,0,0.1), rgba(255,255,255,0.25));color: #000000;color: light-dark(#000000, #ffffff);border-radius: 2px  Server   @ http://localhost:3000/_next/static/chunks/node_modules_next_dist_115brz8._.js:2431
[   18100ms] [LOG] %c%s%c [초대 코드 조회] 미인증 상태로 전환 background: #e6e6e6;background: light-dark(rgba(0,0,0,0.1), rgba(255,255,255,0.25));color: #000000;color: light-dark(#000000, #ffffff);border-radius: 2px  Server   @ http://localhost:3000/_next/static/chunks/node_modules_next_dist_115brz8._.js:2431
[   18100ms] [ERROR] %c%s%c [초대 코드 조회 예외] background: #e6e6e6;background: light-dark(rgba(0,0,0,0.1), rgba(255,255,255,0.25));color: #000000;color: light-dark(#000000, #ffffff);border-radius: 2px  Server   Cannot read properties of null (reading 'access_token') @ http://localhost:3000/_next/static/chunks/node_modules_next_dist_115brz8._.js:3272
[   18100ms] [LOG] %c%s%c [JOIN PAGE] 이벤트 조회 실패 - 초대 코드가 존재하지 않음 background: #e6e6e6;background: light-dark(rgba(0,0,0,0.1), rgba(255,255,255,0.25));color: #000000;color: light-dark(#000000, #ffffff);border-radius: 2px  Server   @ http://localhost:3000/_next/static/chunks/node_modules_next_dist_115brz8._.js:2431
[   18100ms] [ERROR] %c%s%c [JOIN PAGE] 에러 페이지 렌더링 background: #e6e6e6;background: light-dark(rgba(0,0,0,0.1), rgba(255,255,255,0.25));color: #000000;color: light-dark(#000000, #ffffff);border-radius: 2px  Server   @ http://localhost:3000/_next/static/chunks/node_modules_next_dist_115brz8._.js:3272
[   18129ms] [LOG] %c%s%c [JOIN PAGE] 초대 페이지 로드 시작, inviteCode: background: #e6e6e6;background: light-dark(rgba(0,0,0,0.1), rgba(255,255,255,0.25));color: #000000;color: light-dark(#000000, #ffffff);border-radius: 2px  Server   r6zvhxck @ http://localhost:3000/_next/static/chunks/node_modules_next_dist_115brz8._.js:2431
[   18146ms] [LOG] %c%s%c [초대 코드 조회 시작] inviteCode: "r6zvhxck" background: #e6e6e6;background: light-dark(rgba(0,0,0,0.1), rgba(255,255,255,0.25));color: #000000;color: light-dark(#000000, #ffffff);border-radius: 2px  Server   @ http://localhost:3000/_next/static/chunks/node_modules_next_dist_115brz8._.js:2431
[   18146ms] [LOG] %c%s%c [초대 코드 조회] 미인증 상태로 전환 background: #e6e6e6;background: light-dark(rgba(0,0,0,0.1), rgba(255,255,255,0.25));color: #000000;color: light-dark(#000000, #ffffff);border-radius: 2px  Server   @ http://localhost:3000/_next/static/chunks/node_modules_next_dist_115brz8._.js:2431
[   18146ms] [ERROR] %c%s%c [초대 코드 조회 예외] background: #e6e6e6;background: light-dark(rgba(0,0,0,0.1), rgba(255,255,255,0.25));color: #000000;color: light-dark(#000000, #ffffff);border-radius: 2px  Server   Cannot read properties of null (reading 'access_token') @ http://localhost:3000/_next/static/chunks/node_modules_next_dist_115brz8._.js:3272
[   18146ms] [LOG] %c%s%c [JOIN PAGE] 사용자 인증 상태: background: #e6e6e6;background: light-dark(rgba(0,0,0,0.1), rgba(255,255,255,0.25));color: #000000;color: light-dark(#000000, #ffffff);border-radius: 2px  Server   로그인됨 (dhljjknd@naver.com) @ http://localhost:3000/_next/static/chunks/node_modules_next_dist_115brz8._.js:2431
[   18146ms] [LOG] %c%s%c [JOIN PAGE] 이벤트 조회 시작 background: #e6e6e6;background: light-dark(rgba(0,0,0,0.1), rgba(255,255,255,0.25));color: #000000;color: light-dark(#000000, #ffffff);border-radius: 2px  Server   @ http://localhost:3000/_next/static/chunks/node_modules_next_dist_115brz8._.js:2431
[   18146ms] [LOG] %c%s%c [초대 코드 조회 시작] inviteCode: "r6zvhxck" background: #e6e6e6;background: light-dark(rgba(0,0,0,0.1), rgba(255,255,255,0.25));color: #000000;color: light-dark(#000000, #ffffff);border-radius: 2px  Server   @ http://localhost:3000/_next/static/chunks/node_modules_next_dist_115brz8._.js:2431
[   18146ms] [LOG] %c%s%c [초대 코드 조회] 미인증 상태로 전환 background: #e6e6e6;background: light-dark(rgba(0,0,0,0.1), rgba(255,255,255,0.25));color: #000000;color: light-dark(#000000, #ffffff);border-radius: 2px  Server   @ http://localhost:3000/_next/static/chunks/node_modules_next_dist_115brz8._.js:2431
[   18146ms] [ERROR] %c%s%c [초대 코드 조회 예외] background: #e6e6e6;background: light-dark(rgba(0,0,0,0.1), rgba(255,255,255,0.25));color: #000000;color: light-dark(#000000, #ffffff);border-radius: 2px  Server   Cannot read properties of null (reading 'access_token') @ http://localhost:3000/_next/static/chunks/node_modules_next_dist_115brz8._.js:3272
[   18146ms] [LOG] %c%s%c [JOIN PAGE] 이벤트 조회 실패 - 초대 코드가 존재하지 않음 background: #e6e6e6;background: light-dark(rgba(0,0,0,0.1), rgba(255,255,255,0.25));color: #000000;color: light-dark(#000000, #ffffff);border-radius: 2px  Server   @ http://localhost:3000/_next/static/chunks/node_modules_next_dist_115brz8._.js:2431
[   18146ms] [ERROR] %c%s%c [JOIN PAGE] 에러 페이지 렌더링 background: #e6e6e6;background: light-dark(rgba(0,0,0,0.1), rgba(255,255,255,0.25));color: #000000;color: light-dark(#000000, #ffffff);border-radius: 2px  Server   @ http://localhost:3000/_next/static/chunks/node_modules_next_dist_115brz8._.js:3272
[   18177ms] [LOG] %c%s%c [JOIN PAGE] 초대 페이지 로드 시작, inviteCode: background: #e6e6e6;background: light-dark(rgba(0,0,0,0.1), rgba(255,255,255,0.25));color: #000000;color: light-dark(#000000, #ffffff);border-radius: 2px  Server   r6zvhxck @ http://localhost:3000/_next/static/chunks/node_modules_next_dist_115brz8._.js:2431
[   18198ms] [LOG] %c%s%c [초대 코드 조회 시작] inviteCode: "r6zvhxck" background: #e6e6e6;background: light-dark(rgba(0,0,0,0.1), rgba(255,255,255,0.25));color: #000000;color: light-dark(#000000, #ffffff);border-radius: 2px  Server   @ http://localhost:3000/_next/static/chunks/node_modules_next_dist_115brz8._.js:2431
[   18198ms] [LOG] %c%s%c [초대 코드 조회] 미인증 상태로 전환 background: #e6e6e6;background: light-dark(rgba(0,0,0,0.1), rgba(255,255,255,0.25));color: #000000;color: light-dark(#000000, #ffffff);border-radius: 2px  Server   @ http://localhost:3000/_next/static/chunks/node_modules_next_dist_115brz8._.js:2431
[   18198ms] [ERROR] %c%s%c [초대 코드 조회 예외] background: #e6e6e6;background: light-dark(rgba(0,0,0,0.1), rgba(255,255,255,0.25));color: #000000;color: light-dark(#000000, #ffffff);border-radius: 2px  Server   Cannot read properties of null (reading 'access_token') @ http://localhost:3000/_next/static/chunks/node_modules_next_dist_115brz8._.js:3272
[   18198ms] [LOG] %c%s%c [JOIN PAGE] 사용자 인증 상태: background: #e6e6e6;background: light-dark(rgba(0,0,0,0.1), rgba(255,255,255,0.25));color: #000000;color: light-dark(#000000, #ffffff);border-radius: 2px  Server   로그인됨 (dhljjknd@naver.com) @ http://localhost:3000/_next/static/chunks/node_modules_next_dist_115brz8._.js:2431
[   18198ms] [LOG] %c%s%c [JOIN PAGE] 이벤트 조회 시작 background: #e6e6e6;background: light-dark(rgba(0,0,0,0.1), rgba(255,255,255,0.25));color: #000000;color: light-dark(#000000, #ffffff);border-radius: 2px  Server   @ http://localhost:3000/_next/static/chunks/node_modules_next_dist_115brz8._.js:2431
[   18198ms] [LOG] %c%s%c [초대 코드 조회 시작] inviteCode: "r6zvhxck" background: #e6e6e6;background: light-dark(rgba(0,0,0,0.1), rgba(255,255,255,0.25));color: #000000;color: light-dark(#000000, #ffffff);border-radius: 2px  Server   @ http://localhost:3000/_next/static/chunks/node_modules_next_dist_115brz8._.js:2431
[   18198ms] [LOG] %c%s%c [초대 코드 조회] 미인증 상태로 전환 background: #e6e6e6;background: light-dark(rgba(0,0,0,0.1), rgba(255,255,255,0.25));color: #000000;color: light-dark(#000000, #ffffff);border-radius: 2px  Server   @ http://localhost:3000/_next/static/chunks/node_modules_next_dist_115brz8._.js:2431
[   18198ms] [ERROR] %c%s%c [초대 코드 조회 예외] background: #e6e6e6;background: light-dark(rgba(0,0,0,0.1), rgba(255,255,255,0.25));color: #000000;color: light-dark(#000000, #ffffff);border-radius: 2px  Server   Cannot read properties of null (reading 'access_token') @ http://localhost:3000/_next/static/chunks/node_modules_next_dist_115brz8._.js:3272
[   18198ms] [LOG] %c%s%c [JOIN PAGE] 이벤트 조회 실패 - 초대 코드가 존재하지 않음 background: #e6e6e6;background: light-dark(rgba(0,0,0,0.1), rgba(255,255,255,0.25));color: #000000;color: light-dark(#000000, #ffffff);border-radius: 2px  Server   @ http://localhost:3000/_next/static/chunks/node_modules_next_dist_115brz8._.js:2431
[   18198ms] [ERROR] %c%s%c [JOIN PAGE] 에러 페이지 렌더링 background: #e6e6e6;background: light-dark(rgba(0,0,0,0.1), rgba(255,255,255,0.25));color: #000000;color: light-dark(#000000, #ffffff);border-radius: 2px  Server   @ http://localhost:3000/_next/static/chunks/node_modules_next_dist_115brz8._.js:3272
[   18212ms] [LOG] [Fast Refresh] rebuilding @ http://localhost:3000/_next/static/chunks/node_modules_next_dist_115brz8._.js:2431
[   18234ms] [LOG] %c%s%c [JOIN PAGE] 초대 페이지 로드 시작, inviteCode: background: #e6e6e6;background: light-dark(rgba(0,0,0,0.1), rgba(255,255,255,0.25));color: #000000;color: light-dark(#000000, #ffffff);border-radius: 2px  Server   r6zvhxck @ http://localhost:3000/_next/static/chunks/node_modules_next_dist_115brz8._.js:2431
[   18253ms] [LOG] %c%s%c [초대 코드 조회 시작] inviteCode: "r6zvhxck" background: #e6e6e6;background: light-dark(rgba(0,0,0,0.1), rgba(255,255,255,0.25));color: #000000;color: light-dark(#000000, #ffffff);border-radius: 2px  Server   @ http://localhost:3000/_next/static/chunks/node_modules_next_dist_115brz8._.js:2431
[   18253ms] [LOG] %c%s%c [초대 코드 조회] 미인증 상태로 전환 background: #e6e6e6;background: light-dark(rgba(0,0,0,0.1), rgba(255,255,255,0.25));color: #000000;color: light-dark(#000000, #ffffff);border-radius: 2px  Server   @ http://localhost:3000/_next/static/chunks/node_modules_next_dist_115brz8._.js:2431
[   18253ms] [ERROR] %c%s%c [초대 코드 조회 예외] background: #e6e6e6;background: light-dark(rgba(0,0,0,0.1), rgba(255,255,255,0.25));color: #000000;color: light-dark(#000000, #ffffff);border-radius: 2px  Server   Cannot read properties of null (reading 'access_token') @ http://localhost:3000/_next/static/chunks/node_modules_next_dist_115brz8._.js:3272
[   18254ms] [LOG] %c%s%c [JOIN PAGE] 사용자 인증 상태: background: #e6e6e6;background: light-dark(rgba(0,0,0,0.1), rgba(255,255,255,0.25));color: #000000;color: light-dark(#000000, #ffffff);border-radius: 2px  Server   로그인됨 (dhljjknd@naver.com) @ http://localhost:3000/_next/static/chunks/node_modules_next_dist_115brz8._.js:2431
[   18254ms] [LOG] %c%s%c [JOIN PAGE] 이벤트 조회 시작 background: #e6e6e6;background: light-dark(rgba(0,0,0,0.1), rgba(255,255,255,0.25));color: #000000;color: light-dark(#000000, #ffffff);border-radius: 2px  Server   @ http://localhost:3000/_next/static/chunks/node_modules_next_dist_115brz8._.js:2431
[   18254ms] [LOG] %c%s%c [초대 코드 조회 시작] inviteCode: "r6zvhxck" background: #e6e6e6;background: light-dark(rgba(0,0,0,0.1), rgba(255,255,255,0.25));color: #000000;color: light-dark(#000000, #ffffff);border-radius: 2px  Server   @ http://localhost:3000/_next/static/chunks/node_modules_next_dist_115brz8._.js:2431
[   18254ms] [LOG] %c%s%c [초대 코드 조회] 미인증 상태로 전환 background: #e6e6e6;background: light-dark(rgba(0,0,0,0.1), rgba(255,255,255,0.25));color: #000000;color: light-dark(#000000, #ffffff);border-radius: 2px  Server   @ http://localhost:3000/_next/static/chunks/node_modules_next_dist_115brz8._.js:2431
[   18254ms] [ERROR] %c%s%c [초대 코드 조회 예외] background: #e6e6e6;background: light-dark(rgba(0,0,0,0.1), rgba(255,255,255,0.25));color: #000000;color: light-dark(#000000, #ffffff);border-radius: 2px  Server   Cannot read properties of null (reading 'access_token') @ http://localhost:3000/_next/static/chunks/node_modules_next_dist_115brz8._.js:3272
[   18254ms] [LOG] %c%s%c [JOIN PAGE] 이벤트 조회 실패 - 초대 코드가 존재하지 않음 background: #e6e6e6;background: light-dark(rgba(0,0,0,0.1), rgba(255,255,255,0.25));color: #000000;color: light-dark(#000000, #ffffff);border-radius: 2px  Server   @ http://localhost:3000/_next/static/chunks/node_modules_next_dist_115brz8._.js:2431
[   18254ms] [ERROR] %c%s%c [JOIN PAGE] 에러 페이지 렌더링 background: #e6e6e6;background: light-dark(rgba(0,0,0,0.1), rgba(255,255,255,0.25));color: #000000;color: light-dark(#000000, #ffffff);border-radius: 2px  Server   @ http://localhost:3000/_next/static/chunks/node_modules_next_dist_115brz8._.js:3272
[   18309ms] [LOG] [Fast Refresh] done in 198ms @ http://localhost:3000/_next/static/chunks/node_modules_next_dist_115brz8._.js:2431
[   21313ms] [LOG] [Fast Refresh] rebuilding @ http://localhost:3000/_next/static/chunks/node_modules_next_dist_115brz8._.js:2431
[   21442ms] [LOG] %c%s%c [JOIN PAGE] 초대 페이지 로드 시작, inviteCode: background: #e6e6e6;background: light-dark(rgba(0,0,0,0.1), rgba(255,255,255,0.25));color: #000000;color: light-dark(#000000, #ffffff);border-radius: 2px  Server   r6zvhxck @ http://localhost:3000/_next/static/chunks/node_modules_next_dist_115brz8._.js:2431
[   21477ms] [LOG] [Fast Refresh] done in 56ms @ http://localhost:3000/_next/static/chunks/node_modules_next_dist_115brz8._.js:2431
[   21486ms] [LOG] %c%s%c [초대 코드 조회 시작] inviteCode: "r6zvhxck" background: #e6e6e6;background: light-dark(rgba(0,0,0,0.1), rgba(255,255,255,0.25));color: #000000;color: light-dark(#000000, #ffffff);border-radius: 2px  Server   @ http://localhost:3000/_next/static/chunks/node_modules_next_dist_115brz8._.js:2431
[   21486ms] [LOG] %c%s%c [초대 코드 조회] 미인증 상태로 전환 background: #e6e6e6;background: light-dark(rgba(0,0,0,0.1), rgba(255,255,255,0.25));color: #000000;color: light-dark(#000000, #ffffff);border-radius: 2px  Server   @ http://localhost:3000/_next/static/chunks/node_modules_next_dist_115brz8._.js:2431
[   21486ms] [ERROR] %c%s%c [초대 코드 조회 예외] background: #e6e6e6;background: light-dark(rgba(0,0,0,0.1), rgba(255,255,255,0.25));color: #000000;color: light-dark(#000000, #ffffff);border-radius: 2px  Server   Cannot read properties of null (reading 'access_token') @ http://localhost:3000/_next/static/chunks/node_modules_next_dist_115brz8._.js:3272
[   21486ms] [LOG] %c%s%c [JOIN PAGE] 사용자 인증 상태: background: #e6e6e6;background: light-dark(rgba(0,0,0,0.1), rgba(255,255,255,0.25));color: #000000;color: light-dark(#000000, #ffffff);border-radius: 2px  Server   로그인됨 (dhljjknd@naver.com) @ http://localhost:3000/_next/static/chunks/node_modules_next_dist_115brz8._.js:2431
[   21486ms] [LOG] %c%s%c [JOIN PAGE] 이벤트 조회 시작 background: #e6e6e6;background: light-dark(rgba(0,0,0,0.1), rgba(255,255,255,0.25));color: #000000;color: light-dark(#000000, #ffffff);border-radius: 2px  Server   @ http://localhost:3000/_next/static/chunks/node_modules_next_dist_115brz8._.js:2431
[   21486ms] [LOG] %c%s%c [초대 코드 조회 시작] inviteCode: "r6zvhxck" background: #e6e6e6;background: light-dark(rgba(0,0,0,0.1), rgba(255,255,255,0.25));color: #000000;color: light-dark(#000000, #ffffff);border-radius: 2px  Server   @ http://localhost:3000/_next/static/chunks/node_modules_next_dist_115brz8._.js:2431
[   21486ms] [LOG] %c%s%c [초대 코드 조회] 미인증 상태로 전환 background: #e6e6e6;background: light-dark(rgba(0,0,0,0.1), rgba(255,255,255,0.25));color: #000000;color: light-dark(#000000, #ffffff);border-radius: 2px  Server   @ http://localhost:3000/_next/static/chunks/node_modules_next_dist_115brz8._.js:2431
[   21486ms] [ERROR] %c%s%c [초대 코드 조회 예외] background: #e6e6e6;background: light-dark(rgba(0,0,0,0.1), rgba(255,255,255,0.25));color: #000000;color: light-dark(#000000, #ffffff);border-radius: 2px  Server   Cannot read properties of null (reading 'access_token') @ http://localhost:3000/_next/static/chunks/node_modules_next_dist_115brz8._.js:3272
[   21486ms] [LOG] %c%s%c [JOIN PAGE] 이벤트 조회 실패 - 초대 코드가 존재하지 않음 background: #e6e6e6;background: light-dark(rgba(0,0,0,0.1), rgba(255,255,255,0.25));color: #000000;color: light-dark(#000000, #ffffff);border-radius: 2px  Server   @ http://localhost:3000/_next/static/chunks/node_modules_next_dist_115brz8._.js:2431
[   21486ms] [ERROR] %c%s%c [JOIN PAGE] 에러 페이지 렌더링 background: #e6e6e6;background: light-dark(rgba(0,0,0,0.1), rgba(255,255,255,0.25));color: #000000;color: light-dark(#000000, #ffffff);border-radius: 2px  Server   @ http://localhost:3000/_next/static/chunks/node_modules_next_dist_115brz8._.js:3272
[   21521ms] [LOG] %c%s%c [JOIN PAGE] 초대 페이지 로드 시작, inviteCode: background: #e6e6e6;background: light-dark(rgba(0,0,0,0.1), rgba(255,255,255,0.25));color: #000000;color: light-dark(#000000, #ffffff);border-radius: 2px  Server   r6zvhxck @ http://localhost:3000/_next/static/chunks/node_modules_next_dist_115brz8._.js:2431
[   21536ms] [LOG] %c%s%c [초대 코드 조회 시작] inviteCode: "r6zvhxck" background: #e6e6e6;background: light-dark(rgba(0,0,0,0.1), rgba(255,255,255,0.25));color: #000000;color: light-dark(#000000, #ffffff);border-radius: 2px  Server   @ http://localhost:3000/_next/static/chunks/node_modules_next_dist_115brz8._.js:2431
[   21537ms] [LOG] %c%s%c [초대 코드 조회] 미인증 상태로 전환 background: #e6e6e6;background: light-dark(rgba(0,0,0,0.1), rgba(255,255,255,0.25));color: #000000;color: light-dark(#000000, #ffffff);border-radius: 2px  Server   @ http://localhost:3000/_next/static/chunks/node_modules_next_dist_115brz8._.js:2431
[   21537ms] [ERROR] %c%s%c [초대 코드 조회 예외] background: #e6e6e6;background: light-dark(rgba(0,0,0,0.1), rgba(255,255,255,0.25));color: #000000;color: light-dark(#000000, #ffffff);border-radius: 2px  Server   Cannot read properties of null (reading 'access_token') @ http://localhost:3000/_next/static/chunks/node_modules_next_dist_115brz8._.js:3272
[   21537ms] [LOG] %c%s%c [JOIN PAGE] 사용자 인증 상태: background: #e6e6e6;background: light-dark(rgba(0,0,0,0.1), rgba(255,255,255,0.25));color: #000000;color: light-dark(#000000, #ffffff);border-radius: 2px  Server   로그인됨 (dhljjknd@naver.com) @ http://localhost:3000/_next/static/chunks/node_modules_next_dist_115brz8._.js:2431
[   21537ms] [LOG] %c%s%c [JOIN PAGE] 이벤트 조회 시작 background: #e6e6e6;background: light-dark(rgba(0,0,0,0.1), rgba(255,255,255,0.25));color: #000000;color: light-dark(#000000, #ffffff);border-radius: 2px  Server   @ http://localhost:3000/_next/static/chunks/node_modules_next_dist_115brz8._.js:2431
[   21537ms] [LOG] %c%s%c [초대 코드 조회 시작] inviteCode: "r6zvhxck" background: #e6e6e6;background: light-dark(rgba(0,0,0,0.1), rgba(255,255,255,0.25));color: #000000;color: light-dark(#000000, #ffffff);border-radius: 2px  Server   @ http://localhost:3000/_next/static/chunks/node_modules_next_dist_115brz8._.js:2431
[   21537ms] [LOG] %c%s%c [초대 코드 조회] 미인증 상태로 전환 background: #e6e6e6;background: light-dark(rgba(0,0,0,0.1), rgba(255,255,255,0.25));color: #000000;color: light-dark(#000000, #ffffff);border-radius: 2px  Server   @ http://localhost:3000/_next/static/chunks/node_modules_next_dist_115brz8._.js:2431
[   21537ms] [ERROR] %c%s%c [초대 코드 조회 예외] background: #e6e6e6;background: light-dark(rgba(0,0,0,0.1), rgba(255,255,255,0.25));color: #000000;color: light-dark(#000000, #ffffff);border-radius: 2px  Server   Cannot read properties of null (reading 'access_token') @ http://localhost:3000/_next/static/chunks/node_modules_next_dist_115brz8._.js:3272
[   21537ms] [LOG] %c%s%c [JOIN PAGE] 이벤트 조회 실패 - 초대 코드가 존재하지 않음 background: #e6e6e6;background: light-dark(rgba(0,0,0,0.1), rgba(255,255,255,0.25));color: #000000;color: light-dark(#000000, #ffffff);border-radius: 2px  Server   @ http://localhost:3000/_next/static/chunks/node_modules_next_dist_115brz8._.js:2431
[   21537ms] [ERROR] %c%s%c [JOIN PAGE] 에러 페이지 렌더링 background: #e6e6e6;background: light-dark(rgba(0,0,0,0.1), rgba(255,255,255,0.25));color: #000000;color: light-dark(#000000, #ffffff);border-radius: 2px  Server   @ http://localhost:3000/_next/static/chunks/node_modules_next_dist_115brz8._.js:3272
[   21568ms] [LOG] %c%s%c [JOIN PAGE] 초대 페이지 로드 시작, inviteCode: background: #e6e6e6;background: light-dark(rgba(0,0,0,0.1), rgba(255,255,255,0.25));color: #000000;color: light-dark(#000000, #ffffff);border-radius: 2px  Server   r6zvhxck @ http://localhost:3000/_next/static/chunks/node_modules_next_dist_115brz8._.js:2431
[   21582ms] [LOG] [Fast Refresh] rebuilding @ http://localhost:3000/_next/static/chunks/node_modules_next_dist_115brz8._.js:2431
[   21587ms] [LOG] %c%s%c [초대 코드 조회 시작] inviteCode: "r6zvhxck" background: #e6e6e6;background: light-dark(rgba(0,0,0,0.1), rgba(255,255,255,0.25));color: #000000;color: light-dark(#000000, #ffffff);border-radius: 2px  Server   @ http://localhost:3000/_next/static/chunks/node_modules_next_dist_115brz8._.js:2431
[   21587ms] [LOG] %c%s%c [초대 코드 조회] 미인증 상태로 전환 background: #e6e6e6;background: light-dark(rgba(0,0,0,0.1), rgba(255,255,255,0.25));color: #000000;color: light-dark(#000000, #ffffff);border-radius: 2px  Server   @ http://localhost:3000/_next/static/chunks/node_modules_next_dist_115brz8._.js:2431
[   21587ms] [ERROR] %c%s%c [초대 코드 조회 예외] background: #e6e6e6;background: light-dark(rgba(0,0,0,0.1), rgba(255,255,255,0.25));color: #000000;color: light-dark(#000000, #ffffff);border-radius: 2px  Server   Cannot read properties of null (reading 'access_token') @ http://localhost:3000/_next/static/chunks/node_modules_next_dist_115brz8._.js:3272
[   21588ms] [LOG] %c%s%c [JOIN PAGE] 사용자 인증 상태: background: #e6e6e6;background: light-dark(rgba(0,0,0,0.1), rgba(255,255,255,0.25));color: #000000;color: light-dark(#000000, #ffffff);border-radius: 2px  Server   로그인됨 (dhljjknd@naver.com) @ http://localhost:3000/_next/static/chunks/node_modules_next_dist_115brz8._.js:2431
[   21588ms] [LOG] %c%s%c [JOIN PAGE] 이벤트 조회 시작 background: #e6e6e6;background: light-dark(rgba(0,0,0,0.1), rgba(255,255,255,0.25));color: #000000;color: light-dark(#000000, #ffffff);border-radius: 2px  Server   @ http://localhost:3000/_next/static/chunks/node_modules_next_dist_115brz8._.js:2431
[   21588ms] [LOG] %c%s%c [초대 코드 조회 시작] inviteCode: "r6zvhxck" background: #e6e6e6;background: light-dark(rgba(0,0,0,0.1), rgba(255,255,255,0.25));color: #000000;color: light-dark(#000000, #ffffff);border-radius: 2px  Server   @ http://localhost:3000/_next/static/chunks/node_modules_next_dist_115brz8._.js:2431
[   21588ms] [LOG] %c%s%c [초대 코드 조회] 미인증 상태로 전환 background: #e6e6e6;background: light-dark(rgba(0,0,0,0.1), rgba(255,255,255,0.25));color: #000000;color: light-dark(#000000, #ffffff);border-radius: 2px  Server   @ http://localhost:3000/_next/static/chunks/node_modules_next_dist_115brz8._.js:2431
[   21588ms] [ERROR] %c%s%c [초대 코드 조회 예외] background: #e6e6e6;background: light-dark(rgba(0,0,0,0.1), rgba(255,255,255,0.25));color: #000000;color: light-dark(#000000, #ffffff);border-radius: 2px  Server   Cannot read properties of null (reading 'access_token') @ http://localhost:3000/_next/static/chunks/node_modules_next_dist_115brz8._.js:3272
[   21588ms] [LOG] %c%s%c [JOIN PAGE] 이벤트 조회 실패 - 초대 코드가 존재하지 않음 background: #e6e6e6;background: light-dark(rgba(0,0,0,0.1), rgba(255,255,255,0.25));color: #000000;color: light-dark(#000000, #ffffff);border-radius: 2px  Server   @ http://localhost:3000/_next/static/chunks/node_modules_next_dist_115brz8._.js:2431
[   21588ms] [ERROR] %c%s%c [JOIN PAGE] 에러 페이지 렌더링 background: #e6e6e6;background: light-dark(rgba(0,0,0,0.1), rgba(255,255,255,0.25));color: #000000;color: light-dark(#000000, #ffffff);border-radius: 2px  Server   @ http://localhost:3000/_next/static/chunks/node_modules_next_dist_115brz8._.js:3272
[   21619ms] [LOG] %c%s%c [JOIN PAGE] 초대 페이지 로드 시작, inviteCode: background: #e6e6e6;background: light-dark(rgba(0,0,0,0.1), rgba(255,255,255,0.25));color: #000000;color: light-dark(#000000, #ffffff);border-radius: 2px  Server   r6zvhxck @ http://localhost:3000/_next/static/chunks/node_modules_next_dist_115brz8._.js:2431
[   21646ms] [LOG] %c%s%c [초대 코드 조회 시작] inviteCode: "r6zvhxck" background: #e6e6e6;background: light-dark(rgba(0,0,0,0.1), rgba(255,255,255,0.25));color: #000000;color: light-dark(#000000, #ffffff);border-radius: 2px  Server   @ http://localhost:3000/_next/static/chunks/node_modules_next_dist_115brz8._.js:2431
[   21646ms] [LOG] %c%s%c [초대 코드 조회] 미인증 상태로 전환 background: #e6e6e6;background: light-dark(rgba(0,0,0,0.1), rgba(255,255,255,0.25));color: #000000;color: light-dark(#000000, #ffffff);border-radius: 2px  Server   @ http://localhost:3000/_next/static/chunks/node_modules_next_dist_115brz8._.js:2431
[   21646ms] [ERROR] %c%s%c [초대 코드 조회 예외] background: #e6e6e6;background: light-dark(rgba(0,0,0,0.1), rgba(255,255,255,0.25));color: #000000;color: light-dark(#000000, #ffffff);border-radius: 2px  Server   Cannot read properties of null (reading 'access_token') @ http://localhost:3000/_next/static/chunks/node_modules_next_dist_115brz8._.js:3272
[   21646ms] [LOG] %c%s%c [JOIN PAGE] 사용자 인증 상태: background: #e6e6e6;background: light-dark(rgba(0,0,0,0.1), rgba(255,255,255,0.25));color: #000000;color: light-dark(#000000, #ffffff);border-radius: 2px  Server   로그인됨 (dhljjknd@naver.com) @ http://localhost:3000/_next/static/chunks/node_modules_next_dist_115brz8._.js:2431
[   21646ms] [LOG] %c%s%c [JOIN PAGE] 이벤트 조회 시작 background: #e6e6e6;background: light-dark(rgba(0,0,0,0.1), rgba(255,255,255,0.25));color: #000000;color: light-dark(#000000, #ffffff);border-radius: 2px  Server   @ http://localhost:3000/_next/static/chunks/node_modules_next_dist_115brz8._.js:2431
[   21646ms] [LOG] %c%s%c [초대 코드 조회 시작] inviteCode: "r6zvhxck" background: #e6e6e6;background: light-dark(rgba(0,0,0,0.1), rgba(255,255,255,0.25));color: #000000;color: light-dark(#000000, #ffffff);border-radius: 2px  Server   @ http://localhost:3000/_next/static/chunks/node_modules_next_dist_115brz8._.js:2431
[   21646ms] [LOG] %c%s%c [초대 코드 조회] 미인증 상태로 전환 background: #e6e6e6;background: light-dark(rgba(0,0,0,0.1), rgba(255,255,255,0.25));color: #000000;color: light-dark(#000000, #ffffff);border-radius: 2px  Server   @ http://localhost:3000/_next/static/chunks/node_modules_next_dist_115brz8._.js:2431
[   21646ms] [ERROR] %c%s%c [초대 코드 조회 예외] background: #e6e6e6;background: light-dark(rgba(0,0,0,0.1), rgba(255,255,255,0.25));color: #000000;color: light-dark(#000000, #ffffff);border-radius: 2px  Server   Cannot read properties of null (reading 'access_token') @ http://localhost:3000/_next/static/chunks/node_modules_next_dist_115brz8._.js:3272
[   21647ms] [LOG] %c%s%c [JOIN PAGE] 이벤트 조회 실패 - 초대 코드가 존재하지 않음 background: #e6e6e6;background: light-dark(rgba(0,0,0,0.1), rgba(255,255,255,0.25));color: #000000;color: light-dark(#000000, #ffffff);border-radius: 2px  Server   @ http://localhost:3000/_next/static/chunks/node_modules_next_dist_115brz8._.js:2431
[   21647ms] [ERROR] %c%s%c [JOIN PAGE] 에러 페이지 렌더링 background: #e6e6e6;background: light-dark(rgba(0,0,0,0.1), rgba(255,255,255,0.25));color: #000000;color: light-dark(#000000, #ffffff);border-radius: 2px  Server   @ http://localhost:3000/_next/static/chunks/node_modules_next_dist_115brz8._.js:3272
[   21654ms] [LOG] [Fast Refresh] done in 176ms @ http://localhost:3000/_next/static/chunks/node_modules_next_dist_115brz8._.js:2431
