[    2287ms] [ERROR] Failed to load resource: the server responded with a status of 500 (Internal Server Error) @ http://localhost:3000/join/r6zvhxck:0
[    2721ms] [INFO] %cDownload the React DevTools for a better development experience: https://react.dev/link/react-devtools font-weight:bold @ http://localhost:3000/_next/static/chunks/node_modules_react-dom_0bruynb._.js:15305
[    2770ms] Error: Could not parse module '[project]/middleware.ts', file not found
    at module evaluation (file://C:\Users\LEE\workspace\courses\nextjs-supabase-app\.next\dev\server\edge\chunks\[root-of-the-server]__11ru_ap._.js:16:11)
    at <unknown> (file://C:\Users\LEE\workspace\courses\nextjs-supabase-app\.next\dev\server\edge\chunks\turbopack-node_modules_next_dist_esm_build_templates_edge-wrapper_0h4p2gu.js:1307:27)
    at runModuleExecutionHooks (file://C:\Users\LEE\workspace\courses\nextjs-supabase-app\.next\dev\server\edge\chunks\turbopack-node_modules_next_dist_esm_build_templates_edge-wrapper_0h4p2gu.js:1649:9)
    at instantiateModuleShared (file://C:\Users\LEE\workspace\courses\nextjs-supabase-app\.next\dev\server\edge\chunks\turbopack-node_modules_next_dist_esm_build_templates_edge-wrapper_0h4p2gu.js:1305:9)
    at instantiateModule (file://C:\Users\LEE\workspace\courses\nextjs-supabase-app\.next\dev\server\edge\chunks\turbopack-node_modules_next_dist_esm_build_templates_edge-wrapper_0h4p2gu.js:1621:12)
    at getOrInstantiateModuleFromParent (file://C:\Users\LEE\workspace\courses\nextjs-supabase-app\.next\dev\server\edge\chunks\turbopack-node_modules_next_dist_esm_build_templates_edge-wrapper_0h4p2gu.js:1604:12)
    at DevContext.esmImport [as i] (file://C:\Users\LEE\workspace\courses\nextjs-supabase-app\.next\dev\server\edge\chunks\turbopack-node_modules_next_dist_esm_build_templates_edge-wrapper_0h4p2gu.js:278:20)
    at module evaluation (file://C:\Users\LEE\workspace\courses\nextjs-supabase-app\.next\dev\server\edge\chunks\node_modules_next_dist_0ce1z8~._.js:18943:144)
    at <unknown> (file://C:\Users\LEE\workspace\courses\nextjs-supabase-app\.next\dev\server\edge\chunks\turbopack-node_modules_next_dist_esm_build_templates_edge-wrapper_0h4p2gu.js:1307:27)
    at runModuleExecutionHooks (file://C:\Users\LEE\workspace\courses\nextjs-supabase-app\.next\dev\server\edge\chunks\turbopack-node_modules_next_dist_esm_build_templates_edge-wrapper_0h4p2gu.js:1649:9)
[    2770ms] [LOG] [HMR] connected @ http://localhost:3000/_next/static/chunks/node_modules_next_dist_0u_w_5s._.js:1226
[    8516ms] [LOG] [Fast Refresh] rebuilding @ http://localhost:3000/_next/static/chunks/node_modules_next_dist_0u_w_5s._.js:1226
[   18500ms] [LOG] [Fast Refresh] done in 9884ms @ http://localhost:3000/_next/static/chunks/node_modules_next_dist_0u_w_5s._.js:1226
[   18603ms] [LOG] [Fast Refresh] rebuilding @ http://localhost:3000/_next/static/chunks/node_modules_next_dist_0u_w_5s._.js:1226
[   18782ms] [LOG] [Fast Refresh] done in 281ms @ http://localhost:3000/_next/static/chunks/node_modules_next_dist_0u_w_5s._.js:1226
[   18883ms] [LOG] [Fast Refresh] rebuilding @ http://localhost:3000/_next/static/chunks/node_modules_next_dist_0u_w_5s._.js:1226
[   19120ms] [ERROR] Failed to load resource: the server responded with a status of 500 (Internal Server Error) @ http://localhost:3000/join/r6zvhxck:0
